\BOOKMARK [1][-]{section.1}{Introduction}{}% 1
\BOOKMARK [1][-]{section.2}{Main functions}{}% 2
\BOOKMARK [2][-]{subsection.2.1}{cleanBody}{section.2}% 3
\BOOKMARK [2][-]{subsection.2.2}{Mapper Core}{section.2}% 4
\BOOKMARK [2][-]{subsection.2.3}{XML Parser}{section.2}% 5
\BOOKMARK [2][-]{subsection.2.4}{Import sys}{section.2}% 6
\BOOKMARK [2][-]{subsection.2.5}{Import xml.etree.ElementTree}{section.2}% 7
\BOOKMARK [2][-]{subsection.2.6}{Import re.sub}{section.2}% 8
\BOOKMARK [2][-]{subsection.2.7}{Bash-script}{section.2}% 9
\BOOKMARK [1][-]{section.3}{Task 1 Warmup}{}% 10
\BOOKMARK [2][-]{subsection.3.1}{WordCount}{section.3}% 11
\BOOKMARK [2][-]{subsection.3.2}{Unique words}{section.3}% 12
\BOOKMARK [2][-]{subsection.3.3}{MoreThan10}{section.3}% 13
\BOOKMARK [2][-]{subsection.3.4}{Stopwords}{section.3}% 14
\BOOKMARK [2][-]{subsection.3.5}{Pig top 10}{section.3}% 15
\BOOKMARK [2][-]{subsection.3.6}{Tags}{section.3}% 16
\BOOKMARK [1][-]{section.4}{Task 2 Discover}{}% 17
\BOOKMARK [2][-]{subsection.4.1}{Counting}{section.4}% 18
\BOOKMARK [2][-]{subsection.4.2}{Unique users}{section.4}% 19
\BOOKMARK [2][-]{subsection.4.3}{Top miners}{section.4}% 20
\BOOKMARK [2][-]{subsection.4.4}{Top questions}{section.4}% 21
\BOOKMARK [2][-]{subsection.4.5}{Favorite questions}{section.4}% 22
\BOOKMARK [2][-]{subsection.4.6}{Average answers}{section.4}% 23
\BOOKMARK [2][-]{subsection.4.7}{Countries}{section.4}% 24
\BOOKMARK [2][-]{subsection.4.8}{Names}{section.4}% 25
\BOOKMARK [2][-]{subsection.4.9}{Answers}{section.4}% 26
\BOOKMARK [1][-]{section.5}{Task 3 Numbers}{}% 27
\BOOKMARK [2][-]{subsection.5.1}{Bigram}{section.5}% 28
\BOOKMARK [2][-]{subsection.5.2}{Trigram}{section.5}% 29
\BOOKMARK [2][-]{subsection.5.3}{Combiner}{section.5}% 30
\BOOKMARK [2][-]{subsection.5.4}{Useless}{section.5}% 31
\BOOKMARK [1][-]{section.6}{Task 4 Search engine}{}% 32
\BOOKMARK [2][-]{subsection.6.1}{Title index}{section.6}% 33
\BOOKMARK [1][-]{section.7}{Conclusion}{}% 34
